<?xml version="1.0" encoding="UTF-8"?>
<testsuite xmlns:xsi="http://www.w3.org/2001/XMLSchema-instance" xsi:noNamespaceSchemaLocation="https://maven.apache.org/surefire/maven-surefire-plugin/xsd/surefire-test-report.xsd" name="br.com.correios.address.tests.TrackingTest" time="10.664" tests="3" errors="0" skipped="0" failures="0">
  <properties>
[...]
</properties>
  <testcase name="mustSearchValidZipCodeSelectingOptionLogradouroByID" classname="br.com.correios.address.tests.TrackingTest" time="7.396"/>
  <testcase name="mustSearchValidZipCodeSelectingOptionLogradouroByCssSelector" classname="br.com.correios.address.tests.TrackingTest" time="1.586"/>
  <testcase name="mustSearchValidZipCodeSelectingOptionLogradouroByXpath" classname="br.com.correios.address.tests.TrackingTest" time="1.57"/>
</testsuite>